c:\users\lauren\workspace\meshing\build\main.dir\release\window.obj
c:\users\lauren\workspace\meshing\build\main.dir\release\timer.obj
c:\users\lauren\workspace\meshing\build\main.dir\release\texture.obj
c:\users\lauren\workspace\meshing\build\main.dir\release\shader.obj
c:\users\lauren\workspace\meshing\build\main.dir\release\mesh.obj
c:\users\lauren\workspace\meshing\build\main.dir\release\main.obj
c:\users\lauren\workspace\meshing\build\main.dir\release\input.obj
c:\users\lauren\workspace\meshing\build\main.dir\release\glscreen.obj
c:\users\lauren\workspace\meshing\build\main.dir\release\glprogram.obj
c:\users\lauren\workspace\meshing\build\main.dir\release\compute_shader.obj
c:\users\lauren\workspace\meshing\build\main.dir\release\ubo.obj
c:\users\lauren\workspace\meshing\build\main.dir\release\ssbo.obj
c:\users\lauren\workspace\meshing\build\cmakefiles\generate.stamp
c:\users\lauren\workspace\meshing\bin\release\main.exe
c:\users\lauren\workspace\meshing\build\main.dir\release\main.tlog\cl.command.1.tlog
c:\users\lauren\workspace\meshing\build\main.dir\release\main.tlog\cl.read.1.tlog
c:\users\lauren\workspace\meshing\build\main.dir\release\main.tlog\cl.write.1.tlog
c:\users\lauren\workspace\meshing\build\main.dir\release\main.tlog\custombuild.command.1.tlog
c:\users\lauren\workspace\meshing\build\main.dir\release\main.tlog\custombuild.read.1.tlog
c:\users\lauren\workspace\meshing\build\main.dir\release\main.tlog\custombuild.write.1.tlog
c:\users\lauren\workspace\meshing\build\main.dir\release\main.tlog\link.command.1.tlog
c:\users\lauren\workspace\meshing\build\main.dir\release\main.tlog\link.read.1.tlog
c:\users\lauren\workspace\meshing\build\main.dir\release\main.tlog\link.write.1.tlog
